android/build/intermediates/manifest_merge_blame_file/debug/manifest-merger-blame-debug-report.txt
1<?xml version="1.0" encoding="utf-8"?>
2<manifest xmlns:android="http://schemas.android.com/apk/res/android"
3    package="com.libktx.android"
4    android:versionCode="1"
5    android:versionName="1.0.0" >
6
7    <uses-sdk
8        android:minSdkVersion="14"
8-->src\main\AndroidManifest.xml
9        android:targetSdkVersion="28" />
9-->src\main\AndroidManifest.xml
10
11    <uses-feature
11-->src\main\AndroidManifest.xml:5:5-7:34
12        android:glEsVersion="0x00020000"
12-->src\main\AndroidManifest.xml:6:9-41
13        android:required="true" />
13-->src\main\AndroidManifest.xml:7:9-32
14
15    <application
15-->src\main\AndroidManifest.xml:9:5-25:19
16        android:allowBackup="true"
16-->src\main\AndroidManifest.xml:10:9-35
17        android:appCategory="game"
17-->src\main\AndroidManifest.xml:12:9-35
18        android:debuggable="true"
19        android:isGame="true"
19-->src\main\AndroidManifest.xml:11:9-30
20        android:label="@string/app_name"
20-->src\main\AndroidManifest.xml:13:9-41
21        android:testOnly="true"
22        android:theme="@style/GdxTheme" >
22-->src\main\AndroidManifest.xml:14:9-40
23        <activity
23-->src\main\AndroidManifest.xml:15:9-24:20
24            android:name="com.libktx.android.AndroidLauncher"
24-->src\main\AndroidManifest.xml:16:13-62
25            android:configChanges="keyboard|keyboardHidden|navigation|orientation|screenSize|screenLayout"
25-->src\main\AndroidManifest.xml:19:13-107
26            android:label="@string/app_name"
26-->src\main\AndroidManifest.xml:17:13-45
27            android:screenOrientation="landscape" >
27-->src\main\AndroidManifest.xml:18:13-50
28            <intent-filter>
28-->src\main\AndroidManifest.xml:20:13-23:29
29                <action android:name="android.intent.action.MAIN" />
29-->src\main\AndroidManifest.xml:21:17-68
29-->src\main\AndroidManifest.xml:21:25-66
30
31                <category android:name="android.intent.category.LAUNCHER" />
31-->src\main\AndroidManifest.xml:22:17-76
31-->src\main\AndroidManifest.xml:22:27-74
32            </intent-filter>
33        </activity>
34    </application>
35
36</manifest>